  Enemy.cpp
C:\Users\jwbea\source\repos\Light Chaser\Light Chaser\Enemy.cpp(9,15): warning C4244: '=': conversion from 'int' to 'float', possible loss of data
C:\Users\jwbea\source\repos\Light Chaser\Light Chaser\Enemy.cpp(10,15): warning C4244: '=': conversion from 'int' to 'float', possible loss of data
C:\Users\jwbea\source\repos\Light Chaser\Light Chaser\Enemy.cpp(25,74): warning C4244: 'argument': conversion from 'float' to 'int', possible loss of data
C:\Users\jwbea\source\repos\Light Chaser\Light Chaser\Enemy.cpp(25,67): warning C4244: 'argument': conversion from 'float' to 'int', possible loss of data
C:\Users\jwbea\source\repos\Light Chaser\Light Chaser\Enemy.cpp(25,61): warning C4244: 'argument': conversion from 'float' to 'int', possible loss of data
C:\Users\jwbea\source\repos\Light Chaser\Light Chaser\Enemy.cpp(25,45): warning C4244: 'argument': conversion from 'float' to 'int', possible loss of data
C:\Users\jwbea\source\repos\Light Chaser\Light Chaser\Enemy.cpp(41,19): warning C4244: 'argument': conversion from 'time_t' to 'unsigned int', possible loss of data
C:\Users\jwbea\source\repos\Light Chaser\Light Chaser\Enemy.cpp(47,44): warning C4244: '=': conversion from 'double' to 'float', possible loss of data
  Main.cpp
  Player.cpp
C:\Users\jwbea\source\repos\Light Chaser\Light Chaser\Player.cpp(10,12): warning C4244: 'argument': conversion from 'time_t' to 'unsigned int', possible loss of data
C:\Users\jwbea\source\repos\Light Chaser\Light Chaser\Player.cpp(14,20): warning C4244: 'argument': conversion from 'time_t' to 'unsigned int', possible loss of data
C:\Users\jwbea\source\repos\Light Chaser\Light Chaser\Player.cpp(37,18): warning C4244: 'initializing': conversion from 'int' to 'float', possible loss of data
C:\Users\jwbea\source\repos\Light Chaser\Light Chaser\Player.cpp(38,244): warning C4244: 'argument': conversion from 'float' to 'Uint8', possible loss of data
C:\Users\jwbea\source\repos\Light Chaser\Light Chaser\Player.cpp(38,191): warning C4244: 'argument': conversion from 'float' to 'Uint8', possible loss of data
C:\Users\jwbea\source\repos\Light Chaser\Light Chaser\Player.cpp(38,138): warning C4244: 'argument': conversion from 'float' to 'Uint8', possible loss of data
C:\Users\jwbea\source\repos\Light Chaser\Light Chaser\Player.cpp(38,85): warning C4244: 'argument': conversion from 'float' to 'Uint8', possible loss of data
C:\Users\jwbea\source\repos\Light Chaser\Light Chaser\Player.cpp(41,74): warning C4244: 'argument': conversion from 'float' to 'int', possible loss of data
C:\Users\jwbea\source\repos\Light Chaser\Light Chaser\Player.cpp(41,67): warning C4244: 'argument': conversion from 'float' to 'int', possible loss of data
C:\Users\jwbea\source\repos\Light Chaser\Light Chaser\Player.cpp(41,61): warning C4244: 'argument': conversion from 'float' to 'int', possible loss of data
C:\Users\jwbea\source\repos\Light Chaser\Light Chaser\Player.cpp(41,45): warning C4244: 'argument': conversion from 'float' to 'int', possible loss of data
C:\Users\jwbea\source\repos\Light Chaser\Light Chaser\Player.cpp(55,43): warning C4244: '=': conversion from 'double' to 'float', possible loss of data
C:\Users\jwbea\source\repos\Light Chaser\Light Chaser\Player.cpp(67,65): warning C4244: 'argument': conversion from 'int' to 'float', possible loss of data
C:\Users\jwbea\source\repos\Light Chaser\Light Chaser\Player.cpp(67,53): warning C4244: 'argument': conversion from 'int' to 'float', possible loss of data
  StageManager.cpp
C:\Users\jwbea\source\repos\Light Chaser\Light Chaser\StageManager.cpp(7,37): warning C4244: 'initializing': conversion from 'Uint32' to 'float', possible loss of data
C:\Users\jwbea\source\repos\Light Chaser\Light Chaser\StageManager.cpp(14,50): warning C4244: '=': conversion from 'Uint32' to 'float', possible loss of data
C:\Users\jwbea\source\repos\Light Chaser\Light Chaser\StageManager.cpp(17,13): warning C4244: 'argument': conversion from 'time_t' to 'unsigned int', possible loss of data
  Generating Code...
C:\Users\jwbea\source\repos\Light Chaser\Light Chaser\Enemy.cpp(60): warning C4715: 'Enemy::UpdateAndDraw': not all control paths return a value
  Light Chaser.vcxproj -> C:\Users\jwbea\source\repos\Light Chaser\Debug\Light Chaser.exe
